2024-05-20 13:21:28.864 [main] INFO  jdbc.sqlonly - SELECT
				*
		FROM
				BRAND
		WHERE
				BRAND_ID = 1

2024-05-20 13:21:28.875 [main] INFO  jdbc.resultsettable - 
|---------|---------|----------------------|----------|
|brand_id |brand_nm |entered_at            |active_yn |
|---------|---------|----------------------|----------|
|1        |samsung  |2021-01-01 00:00:00.0 |Y         |
|---------|---------|----------------------|----------|

2024-05-20 13:23:25.469 [main] INFO  jdbc.sqlonly - INSERT INTO 
				BRAND
		VALUES (
			100,
			'추가된브랜드',
			NOW(),
			'Y'
		);

2024-05-20 13:26:06.282 [main] INFO  jdbc.sqlonly - UPDATE
				BRAND
		SET
				BRAND_NM = '추가된브랜드1'
		WHERE
				BRAND_ID = 100

2024-05-20 13:26:14.668 [main] INFO  jdbc.sqlonly - DELETE FROM 
				BRAND
		WHERE
				BRAND_ID = 100

2024-05-20 13:38:02.989 [http-nio-80-exec-1] INFO  jdbc.sqlonly - UPDATE BOARD
		SET    READ_CNT = READ_CNT + 1
		WHERE  BOARD_ID = 14

2024-05-20 13:38:02.996 [http-nio-80-exec-1] INFO  jdbc.sqlonly - SELECT *
		FROM   BOARD
		WHERE  BOARD_ID = 14

2024-05-20 13:38:03.010 [http-nio-80-exec-1] INFO  jdbc.resultsettable - 
|---------|-------------------------------------------------------------|-------|--------|-------------------------|---------|----------------------|
|board_id |passwd                                                       |writer |subject |content                  |read_cnt |enroll_at             |
|---------|-------------------------------------------------------------|-------|--------|-------------------------|---------|----------------------|
|14       |$2a$10$wAWiixKfH0GAxC6kGdrd0OmFJaSfeNO5xQyhKFkNmgMAxLbicaZUe |5번째    |5번째     |<p>빨리 제대로 확시맇ㅁㄴㄹㅁㄴ</p>
 |17       |2024-05-16 09:50:20.0 |
|---------|-------------------------------------------------------------|-------|--------|-------------------------|---------|----------------------|

2024-05-20 13:38:03.909 [http-nio-80-exec-2] INFO  jdbc.sqlonly - SELECT *
		FROM   BOARD
		WHERE  BOARD_ID = 14

2024-05-20 13:38:03.913 [http-nio-80-exec-2] INFO  jdbc.resultsettable - 
|---------|-------------------------------------------------------------|-------|--------|-------------------------|---------|----------------------|
|board_id |passwd                                                       |writer |subject |content                  |read_cnt |enroll_at             |
|---------|-------------------------------------------------------------|-------|--------|-------------------------|---------|----------------------|
|14       |$2a$10$wAWiixKfH0GAxC6kGdrd0OmFJaSfeNO5xQyhKFkNmgMAxLbicaZUe |5번째    |5번째     |<p>빨리 제대로 확시맇ㅁㄴㄹㅁㄴ</p>
 |17       |2024-05-16 09:50:20.0 |
|---------|-------------------------------------------------------------|-------|--------|-------------------------|---------|----------------------|

2024-05-20 13:38:05.647 [http-nio-80-exec-3] INFO  jdbc.sqlonly - SELECT PASSWD
		FROM   BOARD
		WHERE BOARD_ID = 14

2024-05-20 13:38:05.650 [http-nio-80-exec-3] INFO  jdbc.resultsettable - 
|-------------------------------------------------------------|
|passwd                                                       |
|-------------------------------------------------------------|
|$2a$10$wAWiixKfH0GAxC6kGdrd0OmFJaSfeNO5xQyhKFkNmgMAxLbicaZUe |
|-------------------------------------------------------------|

2024-05-20 13:38:05.777 [http-nio-80-exec-4] INFO  jdbc.sqlonly - SELECT *
		FROM   BOARD
		WHERE  BOARD_ID = 14

2024-05-20 13:38:05.779 [http-nio-80-exec-4] INFO  jdbc.resultsettable - 
|---------|-------------------------------------------------------------|-------|--------|-------------------------|---------|----------------------|
|board_id |passwd                                                       |writer |subject |content                  |read_cnt |enroll_at             |
|---------|-------------------------------------------------------------|-------|--------|-------------------------|---------|----------------------|
|14       |$2a$10$wAWiixKfH0GAxC6kGdrd0OmFJaSfeNO5xQyhKFkNmgMAxLbicaZUe |5번째    |5번째     |<p>빨리 제대로 확시맇ㅁㄴㄹㅁㄴ</p>
 |17       |2024-05-16 09:50:20.0 |
|---------|-------------------------------------------------------------|-------|--------|-------------------------|---------|----------------------|

2024-05-20 13:38:14.489 [http-nio-80-exec-7] INFO  jdbc.sqlonly - UPDATE BOARD
		SET    SUBJECT = '5번째',
			   CONTENT = '<p>제대로 되고 있니?</p>
'
		WHERE BOARD_ID = 14

2024-05-20 13:38:16.748 [http-nio-80-exec-8] INFO  jdbc.sqlonly - SELECT *
		FROM   BOARD

2024-05-20 13:38:16.761 [http-nio-80-exec-8] INFO  jdbc.resultsettable - 
|---------|-------------------------------------------------------------|---------|----------|-------------------------|---------|----------------------|
|board_id |passwd                                                       |writer   |subject   |content                  |read_cnt |enroll_at             |
|---------|-------------------------------------------------------------|---------|----------|-------------------------|---------|----------------------|
|1        |$2a$10$w5p2zzqe2nJUUortk3k/1uON4qIRsOQyk0yXQSPN1WsnreDrrYV5C |qwer     |qwer      |<p>qwer</p>
            |13       |2024-05-14 01:43:49.0 |
|2        |$2a$10$NgZ4LTVzZ9dLXzCJbNV85.0OQC1LKeHxqTUn5dp4h2FO04cG.x5ui |남승종      |1234      |<p>1234</p>
            |7        |2024-05-14 02:25:47.0 |
|3        |$2a$10$EafOYAMIY.xP70JXCNhqou7pIUNuNu2GgpTiPLoShS0CKVkG5k2ty |인계동      |인계동       |<p>1234124124</p>
      |12       |2024-05-14 03:17:32.0 |
|6        |$2a$10$7voUzpgm3bh8h5Tm6GnpX.Lnc0iYuNaJEYvUhLMU87rGu3FjSzu2K |qwerqqq  |123411    |<p>1234123</p>
         |0        |2024-05-14 13:45:27.0 |
|7        |$2a$10$TtsDup5Vqtw9vhQL1kW4GeECPTLlZSqNlNeGVzexFIjI0lGbiM6Ou |qwqw     |qwer      |<p>1234</p>
            |0        |2024-05-14 13:46:17.0 |
|8        |$2a$10$64mdH9rHIJ.rWPcCqFUGHeD8dl.IWN1VtZSXgBtfXtFOYTAFEoUsW |qwqw     |qwer      |<p>1234</p>
            |4        |2024-05-14 13:46:30.0 |
|9        |$2a$10$R81s6t64A4Hqn08gL783cux8XxCMic/iXLQXagLJCSmqiBgeWhcQ6 |qwqw1212 |qwer1212  |<p>에이 시부래</p>
          |19       |2024-05-14 13:46:39.0 |
|10       |$2a$10$Pq6A86OWy5WkZlnVtSc/B.w.aNxehxWhAsacZxFClK1uCI.1tFhWm |인계동껍데기   |1234      |<p>asdad</p>
           |1        |2024-05-14 13:47:31.0 |
|11       |$2a$10$9oem3DKF/vSLRz0dPxcxtuszjvIXn0qbtaZDF7ca.RoB.gWVbaFAu |인계동껍데기   |1234      |                         |6        |2024-05-14 13:48:27.0 |
|12       |$2a$10$US/R0DMFiRzcKyEaTnLILe78QZgWHId19X0kE4qpw0dzEBVg33j8a |수정되었니?   |수정되었다~~~₩ |<p>야호!</p>
             |3        |2024-05-14 13:48:58.0 |
|13       |$2a$10$vKBUxqAqLKPVOseXucnOKeTpjXn824hPFhKQyh8A.VzFA14Pc1zAy |ㅂㅂㅂㅂ     |ㅂㅂ        |<p>1221</p>
            |2        |2024-05-14 13:50:14.0 |
|14       |$2a$10$wAWiixKfH0GAxC6kGdrd0OmFJaSfeNO5xQyhKFkNmgMAxLbicaZUe |5번째      |5번째       |<p>제대로 되고 있니?</p>
      |17       |2024-05-16 09:50:20.0 |
|15       |$2a$10$9XVwUL6FB0rc88N.PcHLX.k5ubN/Y0XJ3.FQZBm.9TklR5t1ZaT3e |5번째      |5번째dlsrk  |<p>빨리 제대로 확시맇ㅁㄴㄹㅁㄴ</p>
 |3        |2024-05-16 09:54:08.0 |
|16       |$2a$10$GZCC6BSxAAaYEQj.uMd6Pe0BOaRP2in2YFHPB818JrGSSjbYke5bu |열공       |열공        |<p>빨리 제대로 확시맇ㅁㄴㄹㅁㄴ</p>
 |7        |2024-05-16 10:23:27.0 |
|17       |$2a$10$lPes.S1AzHCzPAFApXzthOFb8K.kV6dQ.MQ0zlyxt1SteVzQILs.2 |누구세요     |누구세요      |<p>1234</p>
            |2        |2024-05-19 16:36:08.0 |
|---------|-------------------------------------------------------------|---------|----------|-------------------------|---------|----------------------|

2024-05-20 13:39:07.078 [http-nio-80-exec-1] INFO  jdbc.sqlonly - UPDATE BOARD
		SET    READ_CNT = READ_CNT + 1
		WHERE  BOARD_ID = 16

2024-05-20 13:39:07.083 [http-nio-80-exec-1] INFO  jdbc.sqlonly - SELECT *
		FROM   BOARD
		WHERE  BOARD_ID = 16

2024-05-20 13:39:07.088 [http-nio-80-exec-1] INFO  jdbc.resultsettable - 
|---------|-------------------------------------------------------------|-------|--------|-------------------------|---------|----------------------|
|board_id |passwd                                                       |writer |subject |content                  |read_cnt |enroll_at             |
|---------|-------------------------------------------------------------|-------|--------|-------------------------|---------|----------------------|
|16       |$2a$10$GZCC6BSxAAaYEQj.uMd6Pe0BOaRP2in2YFHPB818JrGSSjbYke5bu |열공     |열공      |<p>빨리 제대로 확시맇ㅁㄴㄹㅁㄴ</p>
 |8        |2024-05-16 10:23:27.0 |
|---------|-------------------------------------------------------------|-------|--------|-------------------------|---------|----------------------|

2024-05-20 13:39:08.358 [http-nio-80-exec-2] INFO  jdbc.sqlonly - SELECT *
		FROM   BOARD
		WHERE  BOARD_ID = 16

2024-05-20 13:39:08.360 [http-nio-80-exec-2] INFO  jdbc.resultsettable - 
|---------|-------------------------------------------------------------|-------|--------|-------------------------|---------|----------------------|
|board_id |passwd                                                       |writer |subject |content                  |read_cnt |enroll_at             |
|---------|-------------------------------------------------------------|-------|--------|-------------------------|---------|----------------------|
|16       |$2a$10$GZCC6BSxAAaYEQj.uMd6Pe0BOaRP2in2YFHPB818JrGSSjbYke5bu |열공     |열공      |<p>빨리 제대로 확시맇ㅁㄴㄹㅁㄴ</p>
 |8        |2024-05-16 10:23:27.0 |
|---------|-------------------------------------------------------------|-------|--------|-------------------------|---------|----------------------|

2024-05-20 13:39:10.415 [http-nio-80-exec-4] INFO  jdbc.sqlonly - SELECT PASSWD
		FROM   BOARD
		WHERE BOARD_ID = 16

2024-05-20 13:39:10.417 [http-nio-80-exec-4] INFO  jdbc.resultsettable - 
|-------------------------------------------------------------|
|passwd                                                       |
|-------------------------------------------------------------|
|$2a$10$GZCC6BSxAAaYEQj.uMd6Pe0BOaRP2in2YFHPB818JrGSSjbYke5bu |
|-------------------------------------------------------------|

2024-05-20 13:39:11.662 [http-nio-80-exec-5] INFO  jdbc.sqlonly - SELECT *
		FROM   BOARD
		WHERE  BOARD_ID = 16

2024-05-20 13:39:11.666 [http-nio-80-exec-5] INFO  jdbc.resultsettable - 
|---------|-------------------------------------------------------------|-------|--------|-------------------------|---------|----------------------|
|board_id |passwd                                                       |writer |subject |content                  |read_cnt |enroll_at             |
|---------|-------------------------------------------------------------|-------|--------|-------------------------|---------|----------------------|
|16       |$2a$10$GZCC6BSxAAaYEQj.uMd6Pe0BOaRP2in2YFHPB818JrGSSjbYke5bu |열공     |열공      |<p>빨리 제대로 확시맇ㅁㄴㄹㅁㄴ</p>
 |8        |2024-05-16 10:23:27.0 |
|---------|-------------------------------------------------------------|-------|--------|-------------------------|---------|----------------------|

2024-05-20 13:40:10.893 [http-nio-80-exec-7] INFO  jdbc.sqlonly - UPDATE BOARD
		SET    READ_CNT = READ_CNT + 1
		WHERE  BOARD_ID = 16

2024-05-20 13:40:10.898 [http-nio-80-exec-7] INFO  jdbc.sqlonly - SELECT *
		FROM   BOARD
		WHERE  BOARD_ID = 16

2024-05-20 13:40:10.909 [http-nio-80-exec-7] INFO  jdbc.resultsettable - 
|---------|-------------------------------------------------------------|-------|--------|-------------------------|---------|----------------------|
|board_id |passwd                                                       |writer |subject |content                  |read_cnt |enroll_at             |
|---------|-------------------------------------------------------------|-------|--------|-------------------------|---------|----------------------|
|16       |$2a$10$GZCC6BSxAAaYEQj.uMd6Pe0BOaRP2in2YFHPB818JrGSSjbYke5bu |열공     |열공      |<p>빨리 제대로 확시맇ㅁㄴㄹㅁㄴ</p>
 |9        |2024-05-16 10:23:27.0 |
|---------|-------------------------------------------------------------|-------|--------|-------------------------|---------|----------------------|

2024-05-20 13:40:11.598 [http-nio-80-exec-8] INFO  jdbc.sqlonly - SELECT *
		FROM   BOARD

2024-05-20 13:40:11.602 [http-nio-80-exec-8] INFO  jdbc.resultsettable - 
|---------|-------------------------------------------------------------|---------|----------|-------------------------|---------|----------------------|
|board_id |passwd                                                       |writer   |subject   |content                  |read_cnt |enroll_at             |
|---------|-------------------------------------------------------------|---------|----------|-------------------------|---------|----------------------|
|1        |$2a$10$w5p2zzqe2nJUUortk3k/1uON4qIRsOQyk0yXQSPN1WsnreDrrYV5C |qwer     |qwer      |<p>qwer</p>
            |13       |2024-05-14 01:43:49.0 |
|2        |$2a$10$NgZ4LTVzZ9dLXzCJbNV85.0OQC1LKeHxqTUn5dp4h2FO04cG.x5ui |남승종      |1234      |<p>1234</p>
            |7        |2024-05-14 02:25:47.0 |
|3        |$2a$10$EafOYAMIY.xP70JXCNhqou7pIUNuNu2GgpTiPLoShS0CKVkG5k2ty |인계동      |인계동       |<p>1234124124</p>
      |12       |2024-05-14 03:17:32.0 |
|6        |$2a$10$7voUzpgm3bh8h5Tm6GnpX.Lnc0iYuNaJEYvUhLMU87rGu3FjSzu2K |qwerqqq  |123411    |<p>1234123</p>
         |0        |2024-05-14 13:45:27.0 |
|7        |$2a$10$TtsDup5Vqtw9vhQL1kW4GeECPTLlZSqNlNeGVzexFIjI0lGbiM6Ou |qwqw     |qwer      |<p>1234</p>
            |0        |2024-05-14 13:46:17.0 |
|8        |$2a$10$64mdH9rHIJ.rWPcCqFUGHeD8dl.IWN1VtZSXgBtfXtFOYTAFEoUsW |qwqw     |qwer      |<p>1234</p>
            |4        |2024-05-14 13:46:30.0 |
|9        |$2a$10$R81s6t64A4Hqn08gL783cux8XxCMic/iXLQXagLJCSmqiBgeWhcQ6 |qwqw1212 |qwer1212  |<p>에이 시부래</p>
          |19       |2024-05-14 13:46:39.0 |
|10       |$2a$10$Pq6A86OWy5WkZlnVtSc/B.w.aNxehxWhAsacZxFClK1uCI.1tFhWm |인계동껍데기   |1234      |<p>asdad</p>
           |1        |2024-05-14 13:47:31.0 |
|11       |$2a$10$9oem3DKF/vSLRz0dPxcxtuszjvIXn0qbtaZDF7ca.RoB.gWVbaFAu |인계동껍데기   |1234      |                         |6        |2024-05-14 13:48:27.0 |
|12       |$2a$10$US/R0DMFiRzcKyEaTnLILe78QZgWHId19X0kE4qpw0dzEBVg33j8a |수정되었니?   |수정되었다~~~₩ |<p>야호!</p>
             |3        |2024-05-14 13:48:58.0 |
|13       |$2a$10$vKBUxqAqLKPVOseXucnOKeTpjXn824hPFhKQyh8A.VzFA14Pc1zAy |ㅂㅂㅂㅂ     |ㅂㅂ        |<p>1221</p>
            |2        |2024-05-14 13:50:14.0 |
|14       |$2a$10$wAWiixKfH0GAxC6kGdrd0OmFJaSfeNO5xQyhKFkNmgMAxLbicaZUe |5번째      |5번째       |<p>제대로 되고 있니?</p>
      |17       |2024-05-16 09:50:20.0 |
|15       |$2a$10$9XVwUL6FB0rc88N.PcHLX.k5ubN/Y0XJ3.FQZBm.9TklR5t1ZaT3e |5번째      |5번째dlsrk  |<p>빨리 제대로 확시맇ㅁㄴㄹㅁㄴ</p>
 |3        |2024-05-16 09:54:08.0 |
|16       |$2a$10$GZCC6BSxAAaYEQj.uMd6Pe0BOaRP2in2YFHPB818JrGSSjbYke5bu |열공       |열공        |<p>빨리 제대로 확시맇ㅁㄴㄹㅁㄴ</p>
 |9        |2024-05-16 10:23:27.0 |
|17       |$2a$10$lPes.S1AzHCzPAFApXzthOFb8K.kV6dQ.MQ0zlyxt1SteVzQILs.2 |누구세요     |누구세요      |<p>1234</p>
            |2        |2024-05-19 16:36:08.0 |
|---------|-------------------------------------------------------------|---------|----------|-------------------------|---------|----------------------|

