2024-05-21 14:03:37.355 [main] INFO  jdbc.sqlonly - UPDATE
				ACCOUNT
		SET
				BALANCE = BALANCE - 10000
		WHERE
				ACCOUNT_ID = '111'

2024-05-21 14:03:37.376 [main] INFO  jdbc.sqlonly - UPDATE
				ACCOUNT
		SET
				BALANCE = BALANCE + 10000
		WHERE
				ACCOUNT_ID = '222'

2024-05-21 14:07:51.930 [main] INFO  jdbc.sqlonly - UPDATE
				ACCOUNT
		SET
				BALANCE = BALANCE - 10000
		WHERE
				ACCOUNT_ID = '111'

2024-05-21 14:10:20.816 [main] INFO  jdbc.sqlonly - UPDATE
				ACCOUNT
		SET
				BALANCE = BALANCE - 10000
		WHERE
				ACCOUNT_ID = '111'

2024-05-21 14:11:07.923 [main] INFO  jdbc.sqlonly - UPDATE
				ACCOUNT
		SET
				BALANCE = BALANCE - 10000
		WHERE
				ACCOUNT_ID = '111'

2024-05-21 14:11:29.189 [main] INFO  jdbc.sqlonly - UPDATE
				ACCOUNT
		SET
				BALANCE = BALANCE - 10000
		WHERE
				ACCOUNT_ID = '111'

2024-05-21 14:14:16.584 [main] INFO  jdbc.sqlonly - UPDATE
				MEMBER
		SET
				POINT = POINT + 100
		WHERE
				MEMBER_ID = 'user1'

2024-05-21 14:14:16.601 [main] INFO  jdbc.sqlonly - UPDATE
				CART
		SET
				CART_CNT = CART_CNT - 1
		WHERE 
				MEMBER_ID = 'user1'

2024-05-21 14:16:15.146 [main] INFO  jdbc.sqlonly - UPDATE
				MEMBER
		SET
				POINT = POINT + 100
		WHERE
				MEMBER_ID = 'user1'

2024-05-21 14:16:15.148 [main] INFO  jdbc.sqlonly - UPDATE
				CART
		SET
				CART_CNT = CART_CNT - 1
		WHERE 
				MEMBER_ID = 'user1'

2024-05-21 14:34:00.026 [scheduling-1] INFO  jdbc.sqlonly - SELECT
				*
		FROM
				PRODUCT

2024-05-21 14:34:00.038 [scheduling-1] INFO  jdbc.resultsettable - 
|-----------|---------------------------------------------|--------|---------------|----------------------|---------|
|product_id |product_nm                                   |price   |delivery_price |enroll_at             |brand_id |
|-----------|---------------------------------------------|--------|---------------|----------------------|---------|
|1          |삼성전자 2021 노트북 플러스2 15.6                      |598000  |0              |2021-01-07 00:00:00.0 |1        |
|2          |삼성전자 2021 갤럭시북 15.6                          |1208000 |0              |2021-02-28 00:00:00.0 |1        |
|3          |LG전자 10세대 코어i7 윈10탑재 17형 LG 그램 2020년형 17Z90N |2149000 |0              |2021-03-07 00:00:00.0 |2        |
|4          |LG전자 2021그램 360 14                           |1740000 |0              |2021-07-08 00:00:00.0 |2        |
|5          |LG전자 2020 울트라 PC 14                          |477000  |0              |2021-10-10 00:00:00.0 |2        |
|6          |2020 맥북 프로 13                                |2129650 |3000           |2022-01-01 00:00:00.0 |3        |
|7          |Apple 2020 맥북 에어 13                          |1489800 |3000           |2022-03-03 00:00:00.0 |3        |
|8          |레노버 2021 IdeaPad Slim3 15.6                  |2129650 |2500           |2022-07-07 00:00:00.0 |4        |
|9          |기가바이트 2021 Gaming G5 15.6                    |1499000 |2500           |2022-11-11 00:00:00.0 |5        |
|10         |HP 2021 노트북 15s                              |768840  |2500           |2022-12-31 00:00:00.0 |6        |
|-----------|---------------------------------------------|--------|---------------|----------------------|---------|

2024-05-21 14:35:30.005 [scheduling-1] INFO  jdbc.sqlonly - SELECT
				*
		FROM
				PRODUCT

2024-05-21 14:35:30.007 [scheduling-1] INFO  jdbc.resultsettable - 
|-----------|---------------------------------------------|--------|---------------|----------------------|---------|
|product_id |product_nm                                   |price   |delivery_price |enroll_at             |brand_id |
|-----------|---------------------------------------------|--------|---------------|----------------------|---------|
|1          |삼성전자 2021 노트북 플러스2 15.6                      |598000  |0              |2021-01-07 00:00:00.0 |1        |
|2          |삼성전자 2021 갤럭시북 15.6                          |1208000 |0              |2021-02-28 00:00:00.0 |1        |
|3          |LG전자 10세대 코어i7 윈10탑재 17형 LG 그램 2020년형 17Z90N |2149000 |0              |2021-03-07 00:00:00.0 |2        |
|4          |LG전자 2021그램 360 14                           |1740000 |0              |2021-07-08 00:00:00.0 |2        |
|5          |LG전자 2020 울트라 PC 14                          |477000  |0              |2021-10-10 00:00:00.0 |2        |
|6          |2020 맥북 프로 13                                |2129650 |3000           |2022-01-01 00:00:00.0 |3        |
|7          |Apple 2020 맥북 에어 13                          |1489800 |3000           |2022-03-03 00:00:00.0 |3        |
|8          |레노버 2021 IdeaPad Slim3 15.6                  |2129650 |2500           |2022-07-07 00:00:00.0 |4        |
|9          |기가바이트 2021 Gaming G5 15.6                    |1499000 |2500           |2022-11-11 00:00:00.0 |5        |
|10         |HP 2021 노트북 15s                              |768840  |2500           |2022-12-31 00:00:00.0 |6        |
|-----------|---------------------------------------------|--------|---------------|----------------------|---------|

2024-05-21 14:35:45.002 [scheduling-1] INFO  jdbc.sqlonly - SELECT
				*
		FROM
				PRODUCT

2024-05-21 14:35:45.007 [scheduling-1] INFO  jdbc.resultsettable - 
|-----------|---------------------------------------------|--------|---------------|----------------------|---------|
|product_id |product_nm                                   |price   |delivery_price |enroll_at             |brand_id |
|-----------|---------------------------------------------|--------|---------------|----------------------|---------|
|1          |삼성전자 2021 노트북 플러스2 15.6                      |598000  |0              |2021-01-07 00:00:00.0 |1        |
|2          |삼성전자 2021 갤럭시북 15.6                          |1208000 |0              |2021-02-28 00:00:00.0 |1        |
|3          |LG전자 10세대 코어i7 윈10탑재 17형 LG 그램 2020년형 17Z90N |2149000 |0              |2021-03-07 00:00:00.0 |2        |
|4          |LG전자 2021그램 360 14                           |1740000 |0              |2021-07-08 00:00:00.0 |2        |
|5          |LG전자 2020 울트라 PC 14                          |477000  |0              |2021-10-10 00:00:00.0 |2        |
|6          |2020 맥북 프로 13                                |2129650 |3000           |2022-01-01 00:00:00.0 |3        |
|7          |Apple 2020 맥북 에어 13                          |1489800 |3000           |2022-03-03 00:00:00.0 |3        |
|8          |레노버 2021 IdeaPad Slim3 15.6                  |2129650 |2500           |2022-07-07 00:00:00.0 |4        |
|9          |기가바이트 2021 Gaming G5 15.6                    |1499000 |2500           |2022-11-11 00:00:00.0 |5        |
|10         |HP 2021 노트북 15s                              |768840  |2500           |2022-12-31 00:00:00.0 |6        |
|-----------|---------------------------------------------|--------|---------------|----------------------|---------|

2024-05-21 14:37:00.006 [scheduling-1] INFO  jdbc.sqlonly - SELECT
				*
		FROM
				PRODUCT

2024-05-21 14:37:00.010 [scheduling-1] INFO  jdbc.resultsettable - 
|-----------|---------------------------------------------|--------|---------------|----------------------|---------|
|product_id |product_nm                                   |price   |delivery_price |enroll_at             |brand_id |
|-----------|---------------------------------------------|--------|---------------|----------------------|---------|
|1          |삼성전자 2021 노트북 플러스2 15.6                      |598000  |0              |2021-01-07 00:00:00.0 |1        |
|2          |삼성전자 2021 갤럭시북 15.6                          |1208000 |0              |2021-02-28 00:00:00.0 |1        |
|3          |LG전자 10세대 코어i7 윈10탑재 17형 LG 그램 2020년형 17Z90N |2149000 |0              |2021-03-07 00:00:00.0 |2        |
|4          |LG전자 2021그램 360 14                           |1740000 |0              |2021-07-08 00:00:00.0 |2        |
|5          |LG전자 2020 울트라 PC 14                          |477000  |0              |2021-10-10 00:00:00.0 |2        |
|6          |2020 맥북 프로 13                                |2129650 |3000           |2022-01-01 00:00:00.0 |3        |
|7          |Apple 2020 맥북 에어 13                          |1489800 |3000           |2022-03-03 00:00:00.0 |3        |
|8          |레노버 2021 IdeaPad Slim3 15.6                  |2129650 |2500           |2022-07-07 00:00:00.0 |4        |
|9          |기가바이트 2021 Gaming G5 15.6                    |1499000 |2500           |2022-11-11 00:00:00.0 |5        |
|10         |HP 2021 노트북 15s                              |768840  |2500           |2022-12-31 00:00:00.0 |6        |
|-----------|---------------------------------------------|--------|---------------|----------------------|---------|

2024-05-21 14:37:15.006 [scheduling-1] INFO  jdbc.sqlonly - SELECT
				*
		FROM
				PRODUCT

2024-05-21 14:37:15.011 [scheduling-1] INFO  jdbc.resultsettable - 
|-----------|---------------------------------------------|--------|---------------|----------------------|---------|
|product_id |product_nm                                   |price   |delivery_price |enroll_at             |brand_id |
|-----------|---------------------------------------------|--------|---------------|----------------------|---------|
|1          |삼성전자 2021 노트북 플러스2 15.6                      |598000  |0              |2021-01-07 00:00:00.0 |1        |
|2          |삼성전자 2021 갤럭시북 15.6                          |1208000 |0              |2021-02-28 00:00:00.0 |1        |
|3          |LG전자 10세대 코어i7 윈10탑재 17형 LG 그램 2020년형 17Z90N |2149000 |0              |2021-03-07 00:00:00.0 |2        |
|4          |LG전자 2021그램 360 14                           |1740000 |0              |2021-07-08 00:00:00.0 |2        |
|5          |LG전자 2020 울트라 PC 14                          |477000  |0              |2021-10-10 00:00:00.0 |2        |
|6          |2020 맥북 프로 13                                |2129650 |3000           |2022-01-01 00:00:00.0 |3        |
|7          |Apple 2020 맥북 에어 13                          |1489800 |3000           |2022-03-03 00:00:00.0 |3        |
|8          |레노버 2021 IdeaPad Slim3 15.6                  |2129650 |2500           |2022-07-07 00:00:00.0 |4        |
|9          |기가바이트 2021 Gaming G5 15.6                    |1499000 |2500           |2022-11-11 00:00:00.0 |5        |
|10         |HP 2021 노트북 15s                              |768840  |2500           |2022-12-31 00:00:00.0 |6        |
|-----------|---------------------------------------------|--------|---------------|----------------------|---------|

2024-05-21 14:37:30.006 [scheduling-1] INFO  jdbc.sqlonly - SELECT
				*
		FROM
				PRODUCT

2024-05-21 14:37:30.009 [scheduling-1] INFO  jdbc.resultsettable - 
|-----------|---------------------------------------------|--------|---------------|----------------------|---------|
|product_id |product_nm                                   |price   |delivery_price |enroll_at             |brand_id |
|-----------|---------------------------------------------|--------|---------------|----------------------|---------|
|1          |삼성전자 2021 노트북 플러스2 15.6                      |598000  |0              |2021-01-07 00:00:00.0 |1        |
|2          |삼성전자 2021 갤럭시북 15.6                          |1208000 |0              |2021-02-28 00:00:00.0 |1        |
|3          |LG전자 10세대 코어i7 윈10탑재 17형 LG 그램 2020년형 17Z90N |2149000 |0              |2021-03-07 00:00:00.0 |2        |
|4          |LG전자 2021그램 360 14                           |1740000 |0              |2021-07-08 00:00:00.0 |2        |
|5          |LG전자 2020 울트라 PC 14                          |477000  |0              |2021-10-10 00:00:00.0 |2        |
|6          |2020 맥북 프로 13                                |2129650 |3000           |2022-01-01 00:00:00.0 |3        |
|7          |Apple 2020 맥북 에어 13                          |1489800 |3000           |2022-03-03 00:00:00.0 |3        |
|8          |레노버 2021 IdeaPad Slim3 15.6                  |2129650 |2500           |2022-07-07 00:00:00.0 |4        |
|9          |기가바이트 2021 Gaming G5 15.6                    |1499000 |2500           |2022-11-11 00:00:00.0 |5        |
|10         |HP 2021 노트북 15s                              |768840  |2500           |2022-12-31 00:00:00.0 |6        |
|-----------|---------------------------------------------|--------|---------------|----------------------|---------|

2024-05-21 14:37:45.006 [scheduling-1] INFO  jdbc.sqlonly - SELECT
				*
		FROM
				PRODUCT

2024-05-21 14:37:45.011 [scheduling-1] INFO  jdbc.resultsettable - 
|-----------|---------------------------------------------|--------|---------------|----------------------|---------|
|product_id |product_nm                                   |price   |delivery_price |enroll_at             |brand_id |
|-----------|---------------------------------------------|--------|---------------|----------------------|---------|
|1          |삼성전자 2021 노트북 플러스2 15.6                      |598000  |0              |2021-01-07 00:00:00.0 |1        |
|2          |삼성전자 2021 갤럭시북 15.6                          |1208000 |0              |2021-02-28 00:00:00.0 |1        |
|3          |LG전자 10세대 코어i7 윈10탑재 17형 LG 그램 2020년형 17Z90N |2149000 |0              |2021-03-07 00:00:00.0 |2        |
|4          |LG전자 2021그램 360 14                           |1740000 |0              |2021-07-08 00:00:00.0 |2        |
|5          |LG전자 2020 울트라 PC 14                          |477000  |0              |2021-10-10 00:00:00.0 |2        |
|6          |2020 맥북 프로 13                                |2129650 |3000           |2022-01-01 00:00:00.0 |3        |
|7          |Apple 2020 맥북 에어 13                          |1489800 |3000           |2022-03-03 00:00:00.0 |3        |
|8          |레노버 2021 IdeaPad Slim3 15.6                  |2129650 |2500           |2022-07-07 00:00:00.0 |4        |
|9          |기가바이트 2021 Gaming G5 15.6                    |1499000 |2500           |2022-11-11 00:00:00.0 |5        |
|10         |HP 2021 노트북 15s                              |768840  |2500           |2022-12-31 00:00:00.0 |6        |
|-----------|---------------------------------------------|--------|---------------|----------------------|---------|

2024-05-21 23:04:52.002 [http-nio-80-exec-4] INFO  jdbc.sqlonly - INSERT INTO BOARD (
			PASSWD,
			WRITER,
			SUBJECT,
			CONTENT
		)
		VALUES (
			'$2a$10$PpAE9FFUnHboPYEO3cLTg.TgsHy94Xt6ZUOg9fjzEqihvTYL2qYna',
			'qqqq',
			'1234',
			'qweqwe'
		)

2024-05-21 23:11:01.025 [http-nio-80-exec-4] INFO  jdbc.sqlonly - INSERT INTO BOARD (
			PASSWD,
			WRITER,
			SUBJECT,
			CONTENT
		)
		VALUES (
			'$2a$10$f34uStuxxWNLhmLVxd1ty.EgNaa2CIUmov5flyePSdAFaWXN5dWpG',
			'qqqq1234',
			'1234',
			'qweqwe'
		)

2024-05-21 23:11:30.962 [http-nio-80-exec-9] INFO  jdbc.sqlonly - INSERT INTO BOARD (
			PASSWD,
			WRITER,
			SUBJECT,
			CONTENT
		)
		VALUES (
			'$2a$10$vIlnLtJNKut6b16H/eJN2euI3imhL0v6r.hoI.sZ0HLzNH5PSlBBO',
			'남승종q',
			'1234',
			'1234'
		)

2024-05-21 23:11:31.974 [http-nio-80-exec-10] INFO  jdbc.sqlonly - SELECT *
		FROM   BOARD

2024-05-21 23:11:32.013 [http-nio-80-exec-10] INFO  jdbc.resultsettable - 
|---------|-------------------------------------------------------------|---------|----------|-------------------------|---------|----------------------|
|board_id |passwd                                                       |writer   |subject   |content                  |read_cnt |enroll_at             |
|---------|-------------------------------------------------------------|---------|----------|-------------------------|---------|----------------------|
|1        |$2a$10$w5p2zzqe2nJUUortk3k/1uON4qIRsOQyk0yXQSPN1WsnreDrrYV5C |qwer     |qwer      |<p>qwer</p>
            |13       |2024-05-14 01:43:49.0 |
|2        |$2a$10$NgZ4LTVzZ9dLXzCJbNV85.0OQC1LKeHxqTUn5dp4h2FO04cG.x5ui |남승종      |1234      |<p>1234</p>
            |7        |2024-05-14 02:25:47.0 |
|3        |$2a$10$EafOYAMIY.xP70JXCNhqou7pIUNuNu2GgpTiPLoShS0CKVkG5k2ty |인계동      |인계동       |<p>1234124124</p>
      |12       |2024-05-14 03:17:32.0 |
|6        |$2a$10$7voUzpgm3bh8h5Tm6GnpX.Lnc0iYuNaJEYvUhLMU87rGu3FjSzu2K |qwerqqq  |123411    |<p>1234123</p>
         |0        |2024-05-14 13:45:27.0 |
|7        |$2a$10$TtsDup5Vqtw9vhQL1kW4GeECPTLlZSqNlNeGVzexFIjI0lGbiM6Ou |qwqw     |qwer      |<p>1234</p>
            |0        |2024-05-14 13:46:17.0 |
|8        |$2a$10$64mdH9rHIJ.rWPcCqFUGHeD8dl.IWN1VtZSXgBtfXtFOYTAFEoUsW |qwqw     |qwer      |<p>1234</p>
            |4        |2024-05-14 13:46:30.0 |
|9        |$2a$10$R81s6t64A4Hqn08gL783cux8XxCMic/iXLQXagLJCSmqiBgeWhcQ6 |qwqw1212 |qwer1212  |<p>에이 시부래</p>
          |19       |2024-05-14 13:46:39.0 |
|10       |$2a$10$Pq6A86OWy5WkZlnVtSc/B.w.aNxehxWhAsacZxFClK1uCI.1tFhWm |인계동껍데기   |1234      |<p>asdad</p>
           |1        |2024-05-14 13:47:31.0 |
|11       |$2a$10$9oem3DKF/vSLRz0dPxcxtuszjvIXn0qbtaZDF7ca.RoB.gWVbaFAu |인계동껍데기   |1234      |                         |6        |2024-05-14 13:48:27.0 |
|12       |$2a$10$US/R0DMFiRzcKyEaTnLILe78QZgWHId19X0kE4qpw0dzEBVg33j8a |수정되었니?   |수정되었다~~~₩ |<p>야호!</p>
             |3        |2024-05-14 13:48:58.0 |
|13       |$2a$10$vKBUxqAqLKPVOseXucnOKeTpjXn824hPFhKQyh8A.VzFA14Pc1zAy |ㅂㅂㅂㅂ     |ㅂㅂ        |<p>1221</p>
            |2        |2024-05-14 13:50:14.0 |
|14       |$2a$10$wAWiixKfH0GAxC6kGdrd0OmFJaSfeNO5xQyhKFkNmgMAxLbicaZUe |5번째      |5번째       |<p>제대로 되고 있니?</p>
      |17       |2024-05-16 09:50:20.0 |
|15       |$2a$10$9XVwUL6FB0rc88N.PcHLX.k5ubN/Y0XJ3.FQZBm.9TklR5t1ZaT3e |5번째      |5번째dlsrk  |<p>빨리 제대로 확시맇ㅁㄴㄹㅁㄴ</p>
 |3        |2024-05-16 09:54:08.0 |
|16       |$2a$10$GZCC6BSxAAaYEQj.uMd6Pe0BOaRP2in2YFHPB818JrGSSjbYke5bu |열공       |열공        |<p>빨리 제대로 확시맇ㅁㄴㄹㅁㄴ</p>
 |9        |2024-05-16 10:23:27.0 |
|17       |$2a$10$lPes.S1AzHCzPAFApXzthOFb8K.kV6dQ.MQ0zlyxt1SteVzQILs.2 |누구세요     |누구세요      |<p>1234</p>
            |2        |2024-05-19 16:36:08.0 |
|19       |$2a$10$PpAE9FFUnHboPYEO3cLTg.TgsHy94Xt6ZUOg9fjzEqihvTYL2qYna |qqqq     |1234      |qweqwe                   |0        |2024-05-21 23:04:52.0 |
|20       |$2a$10$f34uStuxxWNLhmLVxd1ty.EgNaa2CIUmov5flyePSdAFaWXN5dWpG |qqqq1234 |1234      |qweqwe                   |0        |2024-05-21 23:11:01.0 |
|21       |$2a$10$vIlnLtJNKut6b16H/eJN2euI3imhL0v6r.hoI.sZ0HLzNH5PSlBBO |남승종q     |1234      |1234                     |0        |2024-05-21 23:11:30.0 |
|---------|-------------------------------------------------------------|---------|----------|-------------------------|---------|----------------------|

2024-05-21 23:44:41.436 [http-nio-80-exec-1] INFO  jdbc.sqlonly - SELECT *
		FROM   BOARD
		WHERE  BOARD_ID = 15

2024-05-21 23:44:41.441 [http-nio-80-exec-1] INFO  jdbc.resultsettable - 
|---------|-------------------------------------------------------------|-------|---------|-------------------------|---------|----------------------|
|board_id |passwd                                                       |writer |subject  |content                  |read_cnt |enroll_at             |
|---------|-------------------------------------------------------------|-------|---------|-------------------------|---------|----------------------|
|15       |$2a$10$9XVwUL6FB0rc88N.PcHLX.k5ubN/Y0XJ3.FQZBm.9TklR5t1ZaT3e |5번째    |5번째dlsrk |<p>빨리 제대로 확시맇ㅁㄴㄹㅁㄴ</p>
 |3        |2024-05-16 09:54:08.0 |
|---------|-------------------------------------------------------------|-------|---------|-------------------------|---------|----------------------|

